生成启动时间为 2018/10/8 21:12:12。
     1>项目“C:\Users\Administrator\Desktop\飞秋共享目录1\项目1\day10\代码\occiTest\occiTest\occiTest.vcxproj”在节点 2 上(Build 个目标)。
     1>InitializeBuildStatus:
         正在对“Debug\occiTest.tlog\unsuccessfulbuild”执行 Touch 任务。
       ClCompile:
         C:\Program Files (x86)\Microsoft Visual Studio\2017\Community\VC\Tools\MSVC\14.14.26428\bin\HostX86\x86\CL.exe /c /ZI /nologo /W3 /WX- /diagnostics:classic /sdl /Od /Oy- /D _MBCS /Gm- /EHsc /RTC1 /MDd /GS /fp:precise /permissive- /Zc:wchar_t /Zc:forScope /Zc:inline /Fo"Debug\\" /Fd"Debug\vc141.pdb" /Gd /TP /analyze- /FC /errorReport:prompt main.cpp
         main.cpp
       Link:
         C:\Program Files (x86)\Microsoft Visual Studio\2017\Community\VC\Tools\MSVC\14.14.26428\bin\HostX86\x86\link.exe /ERRORREPORT:PROMPT /OUT:"C:\Users\Administrator\Desktop\飞秋共享目录1\项目1\day10\代码\occiTest\Debug\occiTest.exe" /INCREMENTAL /NOLOGO oraocci11.lib oraocci11d.lib kernel32.lib user32.lib gdi32.lib winspool.lib comdlg32.lib advapi32.lib shell32.lib ole32.lib oleaut32.lib uuid.lib odbc32.lib odbccp32.lib /MANIFEST /MANIFESTUAC:"level='asInvoker' uiAccess='false'" /manifest:embed /DEBUG:FASTLINK /PDB:"C:\Users\Administrator\Desktop\飞秋共享目录1\项目1\day10\代码\occiTest\Debug\occiTest.pdb" /TLBID:1 /DYNAMICBASE /NXCOMPAT /IMPLIB:"C:\Users\Administrator\Desktop\飞秋共享目录1\项目1\day10\代码\occiTest\Debug\occiTest.lib" /MACHINE:X86 Debug\main.obj
     1>main.obj : error LNK2019: 无法解析的外部符号 "public: static class oracle::occi::Environment * __cdecl oracle::occi::Environment::createEnvironment(enum oracle::occi::Environment::Mode,void *,void * (__cdecl*)(void *,unsigned int),void * (__cdecl*)(void *,void *,unsigned int),void (__cdecl*)(void *,void *))" (?createEnvironment@Environment@occi@oracle@@SAPAV123@W4Mode@123@PAXP6APAX1I@ZP6APAX11I@ZP6AX11@Z@Z)，该符号在函数 _main 中被引用
     1>main.obj : error LNK2019: 无法解析的外部符号 "public: static void __cdecl oracle::occi::Environment::terminateEnvironment(class oracle::occi::Environment *)" (?terminateEnvironment@Environment@occi@oracle@@SAXPAV123@@Z)，该符号在函数 _main 中被引用
     1>D:\app\Administrator\product\11.2.0\client_1\oci\lib\msvc\vc9\oraocci11.lib : warning LNK4272: 库计算机类型“x64”与目标计算机类型“x86”冲突
     1>D:\app\Administrator\product\11.2.0\client_1\oci\lib\msvc\vc9\oraocci11d.lib : warning LNK4272: 库计算机类型“x64”与目标计算机类型“x86”冲突
     1>C:\Users\Administrator\Desktop\飞秋共享目录1\项目1\day10\代码\occiTest\Debug\occiTest.exe : fatal error LNK1120: 2 个无法解析的外部命令
     1>已完成生成项目“C:\Users\Administrator\Desktop\飞秋共享目录1\项目1\day10\代码\occiTest\occiTest\occiTest.vcxproj”(Build 个目标)的操作 - 失败。

生成失败。

       “C:\Users\Administrator\Desktop\飞秋共享目录1\项目1\day10\代码\occiTest\occiTest\occiTest.vcxproj”(Build 目标) (1) ->
       (Link 目标) -> 
         D:\app\Administrator\product\11.2.0\client_1\oci\lib\msvc\vc9\oraocci11.lib : warning LNK4272: 库计算机类型“x64”与目标计算机类型“x86”冲突
         D:\app\Administrator\product\11.2.0\client_1\oci\lib\msvc\vc9\oraocci11d.lib : warning LNK4272: 库计算机类型“x64”与目标计算机类型“x86”冲突


       “C:\Users\Administrator\Desktop\飞秋共享目录1\项目1\day10\代码\occiTest\occiTest\occiTest.vcxproj”(Build 目标) (1) ->
       (Link 目标) -> 
         main.obj : error LNK2019: 无法解析的外部符号 "public: static class oracle::occi::Environment * __cdecl oracle::occi::Environment::createEnvironment(enum oracle::occi::Environment::Mode,void *,void * (__cdecl*)(void *,unsigned int),void * (__cdecl*)(void *,void *,unsigned int),void (__cdecl*)(void *,void *))" (?createEnvironment@Environment@occi@oracle@@SAPAV123@W4Mode@123@PAXP6APAX1I@ZP6APAX11I@ZP6AX11@Z@Z)，该符号在函数 _main 中被引用
         main.obj : error LNK2019: 无法解析的外部符号 "public: static void __cdecl oracle::occi::Environment::terminateEnvironment(class oracle::occi::Environment *)" (?terminateEnvironment@Environment@occi@oracle@@SAXPAV123@@Z)，该符号在函数 _main 中被引用
         C:\Users\Administrator\Desktop\飞秋共享目录1\项目1\day10\代码\occiTest\Debug\occiTest.exe : fatal error LNK1120: 2 个无法解析的外部命令

    2 个警告
    3 个错误

已用时间 00:00:05.72
